<?xml version="1.0" encoding="UTF-8"?>
<testsuite name="mw.chat.ChatApplicationTests" tests="1" skipped="0" failures="0" errors="0" timestamp="2021-04-20T10:23:41" hostname="APS00087715-MB" time="0.319">
  <properties/>
  <testcase name="contextLoads()" classname="mw.chat.ChatApplicationTests" time="0.319"/>
  <system-out><![CDATA[12:23:39.356 [Test worker] DEBUG org.springframework.test.context.BootstrapUtils - Instantiating CacheAwareContextLoaderDelegate from class [org.springframework.test.context.cache.DefaultCacheAwareContextLoaderDelegate]
12:23:39.365 [Test worker] DEBUG org.springframework.test.context.BootstrapUtils - Instantiating BootstrapContext using constructor [public org.springframework.test.context.support.DefaultBootstrapContext(java.lang.Class,org.springframework.test.context.CacheAwareContextLoaderDelegate)]
12:23:39.388 [Test worker] DEBUG org.springframework.test.context.BootstrapUtils - Instantiating TestContextBootstrapper for test class [mw.chat.ChatApplicationTests] from class [org.springframework.boot.test.context.SpringBootTestContextBootstrapper]
12:23:39.396 [Test worker] INFO org.springframework.boot.test.context.SpringBootTestContextBootstrapper - Neither @ContextConfiguration nor @ContextHierarchy found for test class [mw.chat.ChatApplicationTests], using SpringBootContextLoader
12:23:39.399 [Test worker] DEBUG org.springframework.test.context.support.AbstractContextLoader - Did not detect default resource location for test class [mw.chat.ChatApplicationTests]: class path resource [mw/chat/ChatApplicationTests-context.xml] does not exist
12:23:39.400 [Test worker] DEBUG org.springframework.test.context.support.AbstractContextLoader - Did not detect default resource location for test class [mw.chat.ChatApplicationTests]: class path resource [mw/chat/ChatApplicationTestsContext.groovy] does not exist
12:23:39.400 [Test worker] INFO org.springframework.test.context.support.AbstractContextLoader - Could not detect default resource locations for test class [mw.chat.ChatApplicationTests]: no resource found for suffixes {-context.xml, Context.groovy}.
12:23:39.401 [Test worker] INFO org.springframework.test.context.support.AnnotationConfigContextLoaderUtils - Could not detect default configuration classes for test class [mw.chat.ChatApplicationTests]: ChatApplicationTests does not declare any static, non-private, non-final, nested classes annotated with @Configuration.
12:23:39.436 [Test worker] DEBUG org.springframework.test.context.support.ActiveProfilesUtils - Could not find an 'annotation declaring class' for annotation type [org.springframework.test.context.ActiveProfiles] and class [mw.chat.ChatApplicationTests]
12:23:39.475 [Test worker] DEBUG org.springframework.context.annotation.ClassPathScanningCandidateComponentProvider - Identified candidate component class: file [H:\mw-git\mw-chat\build\classes\java\main\mw\chat\ChatApplication.class]
12:23:39.476 [Test worker] INFO org.springframework.boot.test.context.SpringBootTestContextBootstrapper - Found @SpringBootConfiguration mw.chat.ChatApplication for test class mw.chat.ChatApplicationTests
12:23:39.544 [Test worker] DEBUG org.springframework.boot.test.context.SpringBootTestContextBootstrapper - @TestExecutionListeners is not present for class [mw.chat.ChatApplicationTests]: using defaults.
12:23:39.544 [Test worker] INFO org.springframework.boot.test.context.SpringBootTestContextBootstrapper - Loaded default TestExecutionListener class names from location [META-INF/spring.factories]: [org.springframework.boot.test.autoconfigure.restdocs.RestDocsTestExecutionListener, org.springframework.boot.test.autoconfigure.web.client.MockRestServiceServerResetTestExecutionListener, org.springframework.boot.test.autoconfigure.web.servlet.MockMvcPrintOnlyOnFailureTestExecutionListener, org.springframework.boot.test.autoconfigure.web.servlet.WebDriverTestExecutionListener, org.springframework.boot.test.autoconfigure.webservices.client.MockWebServiceServerTestExecutionListener, org.springframework.boot.test.mock.mockito.MockitoTestExecutionListener, org.springframework.boot.test.mock.mockito.ResetMocksTestExecutionListener, org.springframework.test.context.web.ServletTestExecutionListener, org.springframework.test.context.support.DirtiesContextBeforeModesTestExecutionListener, org.springframework.test.context.event.ApplicationEventsTestExecutionListener, org.springframework.test.context.support.DependencyInjectionTestExecutionListener, org.springframework.test.context.support.DirtiesContextTestExecutionListener, org.springframework.test.context.transaction.TransactionalTestExecutionListener, org.springframework.test.context.jdbc.SqlScriptsTestExecutionListener, org.springframework.test.context.event.EventPublishingTestExecutionListener]
12:23:39.554 [Test worker] DEBUG org.springframework.boot.test.context.SpringBootTestContextBootstrapper - Skipping candidate TestExecutionListener [org.springframework.test.context.transaction.TransactionalTestExecutionListener] due to a missing dependency. Specify custom listener classes or make the default listener classes and their required dependencies available. Offending class: [org/springframework/transaction/interceptor/TransactionAttributeSource]
12:23:39.555 [Test worker] DEBUG org.springframework.boot.test.context.SpringBootTestContextBootstrapper - Skipping candidate TestExecutionListener [org.springframework.test.context.jdbc.SqlScriptsTestExecutionListener] due to a missing dependency. Specify custom listener classes or make the default listener classes and their required dependencies available. Offending class: [org/springframework/transaction/interceptor/TransactionAttribute]
12:23:39.555 [Test worker] INFO org.springframework.boot.test.context.SpringBootTestContextBootstrapper - Using TestExecutionListeners: [org.springframework.test.context.web.ServletTestExecutionListener@354f8e78, org.springframework.test.context.support.DirtiesContextBeforeModesTestExecutionListener@4db8caf6, org.springframework.test.context.event.ApplicationEventsTestExecutionListener@757db596, org.springframework.boot.test.mock.mockito.MockitoTestExecutionListener@6c711378, org.springframework.boot.test.autoconfigure.SpringBootDependencyInjectionTestExecutionListener@25047cc0, org.springframework.test.context.support.DirtiesContextTestExecutionListener@2ee0fdec, org.springframework.test.context.event.EventPublishingTestExecutionListener@36293ca3, org.springframework.boot.test.autoconfigure.restdocs.RestDocsTestExecutionListener@52a713cd, org.springframework.boot.test.autoconfigure.web.client.MockRestServiceServerResetTestExecutionListener@54c39725, org.springframework.boot.test.autoconfigure.web.servlet.MockMvcPrintOnlyOnFailureTestExecutionListener@7d650fcc, org.springframework.boot.test.autoconfigure.web.servlet.WebDriverTestExecutionListener@256f8e7, org.springframework.boot.test.autoconfigure.webservices.client.MockWebServiceServerTestExecutionListener@6885ba1b, org.springframework.boot.test.mock.mockito.ResetMocksTestExecutionListener@20b76291]
12:23:39.558 [Test worker] DEBUG org.springframework.test.context.support.AbstractDirtiesContextTestExecutionListener - Before test class: context [DefaultTestContext@604477b0 testClass = ChatApplicationTests, testInstance = [null], testMethod = [null], testException = [null], mergedContextConfiguration = [WebMergedContextConfiguration@5ecdbbbf testClass = ChatApplicationTests, locations = '{}', classes = '{class mw.chat.ChatApplication}', contextInitializerClasses = '[]', activeProfiles = '{}', propertySourceLocations = '{}', propertySourceProperties = '{org.springframework.boot.test.context.SpringBootTestContextBootstrapper=true}', contextCustomizers = set[org.springframework.boot.test.autoconfigure.actuate.metrics.MetricsExportContextCustomizerFactory$DisableMetricExportContextCustomizer@18b9a318, org.springframework.boot.test.autoconfigure.properties.PropertyMappingContextCustomizer@0, org.springframework.boot.test.autoconfigure.web.servlet.WebDriverContextCustomizerFactory$Customizer@4dc8c0c1, org.springframework.boot.test.context.filter.ExcludeFilterContextCustomizer@67f3b869, org.springframework.boot.test.json.DuplicateJsonObjectContextCustomizerFactory$DuplicateJsonObjectContextCustomizer@4307e7c0, org.springframework.boot.test.mock.mockito.MockitoContextCustomizer@0, org.springframework.boot.test.web.client.TestRestTemplateContextCustomizer@6d4a8da9, org.springframework.boot.test.web.reactive.server.WebTestClientContextCustomizer@77966494, org.springframework.boot.test.context.SpringBootTestArgs@1, org.springframework.boot.test.context.SpringBootTestWebEnvironment@3c7ca559], resourceBasePath = 'src/main/webapp', contextLoader = 'org.springframework.boot.test.context.SpringBootContextLoader', parent = [null]], attributes = map['org.springframework.test.context.web.ServletTestExecutionListener.activateListener' -> true]], class annotated with @DirtiesContext [false] with mode [null].
12:23:39.577 [Test worker] DEBUG org.springframework.test.context.support.TestPropertySourceUtils - Adding inlined properties to environment: {spring.jmx.enabled=false, org.springframework.boot.test.context.SpringBootTestContextBootstrapper=true}

  .   ____          _            __ _ _
 /\\ / ___'_ __ _ _(_)_ __  __ _ \ \ \ \
( ( )\___ | '_ | '_| | '_ \/ _` | \ \ \ \
 \\/  ___)| |_)| | | | | || (_| |  ) ) ) )
  '  |____| .__|_| |_|_| |_\__, | / / / /
 =========|_|==============|___/=/_/_/_/
 :: Spring Boot ::                (v2.4.5)

2021-04-20 12:23:39.744  INFO 22504 --- [    Test worker] mw.chat.ChatApplicationTests             : Starting ChatApplicationTests using Java 15.0.1 on aps00087715-mb with PID 22504 (started by Mariusz.Wojcik in H:\mw-git\mw-chat)
2021-04-20 12:23:39.746  INFO 22504 --- [    Test worker] mw.chat.ChatApplicationTests             : No active profile set, falling back to default profiles: default
2021-04-20 12:23:40.892  INFO 22504 --- [    Test worker] o.s.s.concurrent.ThreadPoolTaskExecutor  : Initializing ExecutorService 'applicationTaskExecutor'
2021-04-20 12:23:41.240  INFO 22504 --- [    Test worker] o.s.b.a.e.web.EndpointLinksResolver      : Exposing 2 endpoint(s) beneath base path '/actuator'
2021-04-20 12:23:41.282  INFO 22504 --- [    Test worker] mw.chat.ChatApplicationTests             : Started ChatApplicationTests in 1.699 seconds (JVM running for 2.607)
]]></system-out>
  <system-err><![CDATA[]]></system-err>
</testsuite>
