<?xml version="1.0" encoding="UTF-8"?>
<testsuite name="mw.chat.ChatApplicationTests" tests="1" skipped="0" failures="0" errors="0" timestamp="2021-04-18T21:52:04" hostname="APS00087715-MB" time="0.275">
  <properties/>
  <testcase name="contextLoads()" classname="mw.chat.ChatApplicationTests" time="0.275"/>
  <system-out><![CDATA[23:52:02.453 [Test worker] DEBUG org.springframework.test.context.BootstrapUtils - Instantiating CacheAwareContextLoaderDelegate from class [org.springframework.test.context.cache.DefaultCacheAwareContextLoaderDelegate]
23:52:02.462 [Test worker] DEBUG org.springframework.test.context.BootstrapUtils - Instantiating BootstrapContext using constructor [public org.springframework.test.context.support.DefaultBootstrapContext(java.lang.Class,org.springframework.test.context.CacheAwareContextLoaderDelegate)]
23:52:02.487 [Test worker] DEBUG org.springframework.test.context.BootstrapUtils - Instantiating TestContextBootstrapper for test class [mw.chat.ChatApplicationTests] from class [org.springframework.boot.test.context.SpringBootTestContextBootstrapper]
23:52:02.495 [Test worker] INFO org.springframework.boot.test.context.SpringBootTestContextBootstrapper - Neither @ContextConfiguration nor @ContextHierarchy found for test class [mw.chat.ChatApplicationTests], using SpringBootContextLoader
23:52:02.498 [Test worker] DEBUG org.springframework.test.context.support.AbstractContextLoader - Did not detect default resource location for test class [mw.chat.ChatApplicationTests]: class path resource [mw/chat/ChatApplicationTests-context.xml] does not exist
23:52:02.498 [Test worker] DEBUG org.springframework.test.context.support.AbstractContextLoader - Did not detect default resource location for test class [mw.chat.ChatApplicationTests]: class path resource [mw/chat/ChatApplicationTestsContext.groovy] does not exist
23:52:02.498 [Test worker] INFO org.springframework.test.context.support.AbstractContextLoader - Could not detect default resource locations for test class [mw.chat.ChatApplicationTests]: no resource found for suffixes {-context.xml, Context.groovy}.
23:52:02.499 [Test worker] INFO org.springframework.test.context.support.AnnotationConfigContextLoaderUtils - Could not detect default configuration classes for test class [mw.chat.ChatApplicationTests]: ChatApplicationTests does not declare any static, non-private, non-final, nested classes annotated with @Configuration.
23:52:02.526 [Test worker] DEBUG org.springframework.test.context.support.ActiveProfilesUtils - Could not find an 'annotation declaring class' for annotation type [org.springframework.test.context.ActiveProfiles] and class [mw.chat.ChatApplicationTests]
23:52:02.565 [Test worker] DEBUG org.springframework.context.annotation.ClassPathScanningCandidateComponentProvider - Identified candidate component class: file [H:\mw-git\mw-chat\build\classes\java\main\mw\chat\ChatApplication.class]
23:52:02.566 [Test worker] INFO org.springframework.boot.test.context.SpringBootTestContextBootstrapper - Found @SpringBootConfiguration mw.chat.ChatApplication for test class mw.chat.ChatApplicationTests
23:52:02.631 [Test worker] DEBUG org.springframework.boot.test.context.SpringBootTestContextBootstrapper - @TestExecutionListeners is not present for class [mw.chat.ChatApplicationTests]: using defaults.
23:52:02.632 [Test worker] INFO org.springframework.boot.test.context.SpringBootTestContextBootstrapper - Loaded default TestExecutionListener class names from location [META-INF/spring.factories]: [org.springframework.boot.test.autoconfigure.restdocs.RestDocsTestExecutionListener, org.springframework.boot.test.autoconfigure.web.client.MockRestServiceServerResetTestExecutionListener, org.springframework.boot.test.autoconfigure.web.servlet.MockMvcPrintOnlyOnFailureTestExecutionListener, org.springframework.boot.test.autoconfigure.web.servlet.WebDriverTestExecutionListener, org.springframework.boot.test.autoconfigure.webservices.client.MockWebServiceServerTestExecutionListener, org.springframework.boot.test.mock.mockito.MockitoTestExecutionListener, org.springframework.boot.test.mock.mockito.ResetMocksTestExecutionListener, org.springframework.test.context.web.ServletTestExecutionListener, org.springframework.test.context.support.DirtiesContextBeforeModesTestExecutionListener, org.springframework.test.context.event.ApplicationEventsTestExecutionListener, org.springframework.test.context.support.DependencyInjectionTestExecutionListener, org.springframework.test.context.support.DirtiesContextTestExecutionListener, org.springframework.test.context.transaction.TransactionalTestExecutionListener, org.springframework.test.context.jdbc.SqlScriptsTestExecutionListener, org.springframework.test.context.event.EventPublishingTestExecutionListener]
23:52:02.638 [Test worker] DEBUG org.springframework.boot.test.context.SpringBootTestContextBootstrapper - Skipping candidate TestExecutionListener [org.springframework.test.context.web.ServletTestExecutionListener] due to a missing dependency. Specify custom listener classes or make the default listener classes and their required dependencies available. Offending class: [javax/servlet/ServletContext]
23:52:02.640 [Test worker] DEBUG org.springframework.boot.test.context.SpringBootTestContextBootstrapper - Skipping candidate TestExecutionListener [org.springframework.test.context.transaction.TransactionalTestExecutionListener] due to a missing dependency. Specify custom listener classes or make the default listener classes and their required dependencies available. Offending class: [org/springframework/transaction/interceptor/TransactionAttributeSource]
23:52:02.640 [Test worker] DEBUG org.springframework.boot.test.context.SpringBootTestContextBootstrapper - Skipping candidate TestExecutionListener [org.springframework.test.context.jdbc.SqlScriptsTestExecutionListener] due to a missing dependency. Specify custom listener classes or make the default listener classes and their required dependencies available. Offending class: [org/springframework/transaction/interceptor/TransactionAttribute]
23:52:02.640 [Test worker] INFO org.springframework.boot.test.context.SpringBootTestContextBootstrapper - Using TestExecutionListeners: [org.springframework.test.context.support.DirtiesContextBeforeModesTestExecutionListener@9c21351, org.springframework.test.context.event.ApplicationEventsTestExecutionListener@7c9228e5, org.springframework.boot.test.mock.mockito.MockitoTestExecutionListener@137d92b8, org.springframework.boot.test.autoconfigure.SpringBootDependencyInjectionTestExecutionListener@24be7d81, org.springframework.test.context.support.DirtiesContextTestExecutionListener@3dffaadc, org.springframework.test.context.event.EventPublishingTestExecutionListener@50476886, org.springframework.boot.test.autoconfigure.restdocs.RestDocsTestExecutionListener@2f50c864, org.springframework.boot.test.autoconfigure.web.client.MockRestServiceServerResetTestExecutionListener@7855ea7a, org.springframework.boot.test.autoconfigure.web.servlet.MockMvcPrintOnlyOnFailureTestExecutionListener@38bc06e6, org.springframework.boot.test.autoconfigure.web.servlet.WebDriverTestExecutionListener@53545a2f, org.springframework.boot.test.autoconfigure.webservices.client.MockWebServiceServerTestExecutionListener@7aeebbc9, org.springframework.boot.test.mock.mockito.ResetMocksTestExecutionListener@2d3f88d4]
23:52:02.642 [Test worker] DEBUG org.springframework.test.context.support.AbstractDirtiesContextTestExecutionListener - Before test class: context [DefaultTestContext@5eb689cb testClass = ChatApplicationTests, testInstance = [null], testMethod = [null], testException = [null], mergedContextConfiguration = [ReactiveWebMergedContextConfiguration@10c6fc87 testClass = ChatApplicationTests, locations = '{}', classes = '{class mw.chat.ChatApplication}', contextInitializerClasses = '[]', activeProfiles = '{}', propertySourceLocations = '{}', propertySourceProperties = '{org.springframework.boot.test.context.SpringBootTestContextBootstrapper=true}', contextCustomizers = set[org.springframework.boot.test.autoconfigure.actuate.metrics.MetricsExportContextCustomizerFactory$DisableMetricExportContextCustomizer@1887aeef, org.springframework.boot.test.autoconfigure.properties.PropertyMappingContextCustomizer@0, org.springframework.boot.test.autoconfigure.web.servlet.WebDriverContextCustomizerFactory$Customizer@78d58d0b, org.springframework.boot.test.context.filter.ExcludeFilterContextCustomizer@1f5b7111, org.springframework.boot.test.json.DuplicateJsonObjectContextCustomizerFactory$DuplicateJsonObjectContextCustomizer@7375c4ea, org.springframework.boot.test.mock.mockito.MockitoContextCustomizer@0, org.springframework.boot.test.web.client.TestRestTemplateContextCustomizer@7cc60755, org.springframework.boot.test.web.reactive.server.WebTestClientContextCustomizer@21662e, org.springframework.boot.test.context.SpringBootTestArgs@1, org.springframework.boot.test.context.SpringBootTestWebEnvironment@3c7ca559], contextLoader = 'org.springframework.boot.test.context.SpringBootContextLoader', parent = [null]], attributes = map[[empty]]], class annotated with @DirtiesContext [false] with mode [null].
23:52:02.652 [Test worker] DEBUG org.springframework.test.context.support.DependencyInjectionTestExecutionListener - Performing dependency injection for test context [[DefaultTestContext@5eb689cb testClass = ChatApplicationTests, testInstance = mw.chat.ChatApplicationTests@79779d60, testMethod = [null], testException = [null], mergedContextConfiguration = [ReactiveWebMergedContextConfiguration@10c6fc87 testClass = ChatApplicationTests, locations = '{}', classes = '{class mw.chat.ChatApplication}', contextInitializerClasses = '[]', activeProfiles = '{}', propertySourceLocations = '{}', propertySourceProperties = '{org.springframework.boot.test.context.SpringBootTestContextBootstrapper=true}', contextCustomizers = set[org.springframework.boot.test.autoconfigure.actuate.metrics.MetricsExportContextCustomizerFactory$DisableMetricExportContextCustomizer@1887aeef, org.springframework.boot.test.autoconfigure.properties.PropertyMappingContextCustomizer@0, org.springframework.boot.test.autoconfigure.web.servlet.WebDriverContextCustomizerFactory$Customizer@78d58d0b, org.springframework.boot.test.context.filter.ExcludeFilterContextCustomizer@1f5b7111, org.springframework.boot.test.json.DuplicateJsonObjectContextCustomizerFactory$DuplicateJsonObjectContextCustomizer@7375c4ea, org.springframework.boot.test.mock.mockito.MockitoContextCustomizer@0, org.springframework.boot.test.web.client.TestRestTemplateContextCustomizer@7cc60755, org.springframework.boot.test.web.reactive.server.WebTestClientContextCustomizer@21662e, org.springframework.boot.test.context.SpringBootTestArgs@1, org.springframework.boot.test.context.SpringBootTestWebEnvironment@3c7ca559], contextLoader = 'org.springframework.boot.test.context.SpringBootContextLoader', parent = [null]], attributes = map['org.springframework.test.context.event.ApplicationEventsTestExecutionListener.recordApplicationEvents' -> false]]].
23:52:02.671 [Test worker] DEBUG org.springframework.test.context.support.TestPropertySourceUtils - Adding inlined properties to environment: {spring.jmx.enabled=false, org.springframework.boot.test.context.SpringBootTestContextBootstrapper=true}

  .   ____          _            __ _ _
 /\\ / ___'_ __ _ _(_)_ __  __ _ \ \ \ \
( ( )\___ | '_ | '_| | '_ \/ _` | \ \ \ \
 \\/  ___)| |_)| | | | | || (_| |  ) ) ) )
  '  |____| .__|_| |_|_| |_\__, | / / / /
 =========|_|==============|___/=/_/_/_/
 :: Spring Boot ::                (v2.4.5)

2021-04-18 23:52:02.850  INFO 4424 --- [    Test worker] mw.chat.ChatApplicationTests             : Starting ChatApplicationTests using Java 15.0.1 on aps00087715-mb with PID 4424 (started by Mariusz.Wojcik in H:\mw-git\mw-chat)
2021-04-18 23:52:02.852  INFO 4424 --- [    Test worker] mw.chat.ChatApplicationTests             : No active profile set, falling back to default profiles: default
2021-04-18 23:52:03.880  INFO 4424 --- [    Test worker] o.s.b.a.e.web.EndpointLinksResolver      : Exposing 2 endpoint(s) beneath base path '/actuator'
2021-04-18 23:52:04.146  INFO 4424 --- [    Test worker] mw.chat.ChatApplicationTests             : Started ChatApplicationTests in 1.467 seconds (JVM running for 2.318)
]]></system-out>
  <system-err><![CDATA[]]></system-err>
</testsuite>
